Form tidak valid: <ul class="errorlist"><li>nama<ul class="errorlist"><li>This field is required.</li></ul></li></ul>
Form tidak valid: <ul class="errorlist"><li>nama<ul class="errorlist"><li>This field is required.</li></ul></li></ul>
Form tidak valid: <ul class="errorlist"><li>nama<ul class="errorlist"><li>This field is required.</li></ul></li></ul>
Form tidak valid: <ul class="errorlist"><li>nama<ul class="errorlist"><li>This field is required.</li></ul></li></ul>
Form tidak valid: <ul class="errorlist"><li>nama<ul class="errorlist"><li>This field is required.</li></ul></li></ul>
Form tidak valid: <ul class="errorlist"><li>nama<ul class="errorlist"><li>This field is required.</li></ul></li></ul>
Form tidak valid: <ul class="errorlist"><li>nama<ul class="errorlist"><li>This field is required.</li></ul></li></ul>
Form tidak valid: <ul class="errorlist"><li>nama<ul class="errorlist"><li>This field is required.</li></ul></li></ul>
Form tidak valid: <ul class="errorlist"><li>nama<ul class="errorlist"><li>This field is required.</li></ul></li></ul>
Form tidak valid: <ul class="errorlist"><li>nama<ul class="errorlist"><li>This field is required.</li></ul></li></ul>
Internal Server Error: /cuti/
Traceback (most recent call last):
  File "D:\Kuliah\Coding\Project\Sistem Informasi\env\Lib\site-packages\django\core\handlers\exception.py", line 55, in inner
    response = get_response(request)
               ^^^^^^^^^^^^^^^^^^^^^
  File "D:\Kuliah\Coding\Project\Sistem Informasi\env\Lib\site-packages\django\core\handlers\base.py", line 197, in _get_response
    response = wrapped_callback(request, *callback_args, **callback_kwargs)
               ^^^^^^^^^^^^^^^^^^^^^^^^^^^^^^^^^^^^^^^^^^^^^^^^^^^^^^^^^^^^
  File "D:\Kuliah\Coding\Project\Sistem Informasi\env\Lib\site-packages\django\contrib\auth\decorators.py", line 23, in _wrapper_view
    return view_func(request, *args, **kwargs)
           ^^^^^^^^^^^^^^^^^^^^^^^^^^^^^^^^^^^
  File "D:\UANG\Sistem Informasi\sistem_informasi\cuti\views.py", line 17, in cuti
    return render(request, 'cuti.html', context)
           ^^^^^^^^^^^^^^^^^^^^^^^^^^^^^^^^^^^^^
  File "D:\Kuliah\Coding\Project\Sistem Informasi\env\Lib\site-packages\django\shortcuts.py", line 24, in render
    content = loader.render_to_string(template_name, context, request, using=using)
              ^^^^^^^^^^^^^^^^^^^^^^^^^^^^^^^^^^^^^^^^^^^^^^^^^^^^^^^^^^^^^^^^^^^^^
  File "D:\Kuliah\Coding\Project\Sistem Informasi\env\Lib\site-packages\django\template\loader.py", line 62, in render_to_string
    return template.render(context, request)
           ^^^^^^^^^^^^^^^^^^^^^^^^^^^^^^^^^
  File "D:\Kuliah\Coding\Project\Sistem Informasi\env\Lib\site-packages\django\template\backends\django.py", line 61, in render
    return self.template.render(context)
           ^^^^^^^^^^^^^^^^^^^^^^^^^^^^^
  File "D:\Kuliah\Coding\Project\Sistem Informasi\env\Lib\site-packages\django\template\base.py", line 175, in render
    return self._render(context)
           ^^^^^^^^^^^^^^^^^^^^^
  File "D:\Kuliah\Coding\Project\Sistem Informasi\env\Lib\site-packages\django\template\base.py", line 167, in _render
    return self.nodelist.render(context)
           ^^^^^^^^^^^^^^^^^^^^^^^^^^^^^
  File "D:\Kuliah\Coding\Project\Sistem Informasi\env\Lib\site-packages\django\template\base.py", line 1005, in render
    return SafeString("".join([node.render_annotated(context) for node in self]))
                              ^^^^^^^^^^^^^^^^^^^^^^^^^^^^^^^^^^^^^^^^^^^^^^^^^
  File "D:\Kuliah\Coding\Project\Sistem Informasi\env\Lib\site-packages\django\template\base.py", line 1005, in <listcomp>
    return SafeString("".join([node.render_annotated(context) for node in self]))
                               ^^^^^^^^^^^^^^^^^^^^^^^^^^^^^^
  File "D:\Kuliah\Coding\Project\Sistem Informasi\env\Lib\site-packages\django\template\base.py", line 966, in render_annotated
    return self.render(context)
           ^^^^^^^^^^^^^^^^^^^^
  File "D:\Kuliah\Coding\Project\Sistem Informasi\env\Lib\site-packages\django\template\loader_tags.py", line 157, in render
    return compiled_parent._render(context)
           ^^^^^^^^^^^^^^^^^^^^^^^^^^^^^^^^
  File "D:\Kuliah\Coding\Project\Sistem Informasi\env\Lib\site-packages\django\template\base.py", line 167, in _render
    return self.nodelist.render(context)
           ^^^^^^^^^^^^^^^^^^^^^^^^^^^^^
  File "D:\Kuliah\Coding\Project\Sistem Informasi\env\Lib\site-packages\django\template\base.py", line 1005, in render
    return SafeString("".join([node.render_annotated(context) for node in self]))
                              ^^^^^^^^^^^^^^^^^^^^^^^^^^^^^^^^^^^^^^^^^^^^^^^^^
  File "D:\Kuliah\Coding\Project\Sistem Informasi\env\Lib\site-packages\django\template\base.py", line 1005, in <listcomp>
    return SafeString("".join([node.render_annotated(context) for node in self]))
                               ^^^^^^^^^^^^^^^^^^^^^^^^^^^^^^
  File "D:\Kuliah\Coding\Project\Sistem Informasi\env\Lib\site-packages\django\template\base.py", line 966, in render_annotated
    return self.render(context)
           ^^^^^^^^^^^^^^^^^^^^
  File "D:\Kuliah\Coding\Project\Sistem Informasi\env\Lib\site-packages\django\template\loader_tags.py", line 63, in render
    result = block.nodelist.render(context)
             ^^^^^^^^^^^^^^^^^^^^^^^^^^^^^^
  File "D:\Kuliah\Coding\Project\Sistem Informasi\env\Lib\site-packages\django\template\base.py", line 1005, in render
    return SafeString("".join([node.render_annotated(context) for node in self]))
                              ^^^^^^^^^^^^^^^^^^^^^^^^^^^^^^^^^^^^^^^^^^^^^^^^^
  File "D:\Kuliah\Coding\Project\Sistem Informasi\env\Lib\site-packages\django\template\base.py", line 1005, in <listcomp>
    return SafeString("".join([node.render_annotated(context) for node in self]))
                               ^^^^^^^^^^^^^^^^^^^^^^^^^^^^^^
  File "D:\Kuliah\Coding\Project\Sistem Informasi\env\Lib\site-packages\django\template\base.py", line 966, in render_annotated
    return self.render(context)
           ^^^^^^^^^^^^^^^^^^^^
  File "D:\Kuliah\Coding\Project\Sistem Informasi\env\Lib\site-packages\django\template\defaulttags.py", line 238, in render
    nodelist.append(node.render_annotated(context))
                    ^^^^^^^^^^^^^^^^^^^^^^^^^^^^^^
  File "D:\Kuliah\Coding\Project\Sistem Informasi\env\Lib\site-packages\django\template\base.py", line 966, in render_annotated
    return self.render(context)
           ^^^^^^^^^^^^^^^^^^^^
  File "D:\Kuliah\Coding\Project\Sistem Informasi\env\Lib\site-packages\django\template\defaulttags.py", line 471, in render
    url = reverse(view_name, args=args, kwargs=kwargs, current_app=current_app)
          ^^^^^^^^^^^^^^^^^^^^^^^^^^^^^^^^^^^^^^^^^^^^^^^^^^^^^^^^^^^^^^^^^^^^^
  File "D:\Kuliah\Coding\Project\Sistem Informasi\env\Lib\site-packages\django\urls\base.py", line 88, in reverse
    return resolver._reverse_with_prefix(view, prefix, *args, **kwargs)
           ^^^^^^^^^^^^^^^^^^^^^^^^^^^^^^^^^^^^^^^^^^^^^^^^^^^^^^^^^^^^
  File "D:\Kuliah\Coding\Project\Sistem Informasi\env\Lib\site-packages\django\urls\resolvers.py", line 828, in _reverse_with_prefix
    raise NoReverseMatch(msg)
django.urls.exceptions.NoReverseMatch: Reverse for 'tahunajaran' not found. 'tahunajaran' is not a valid view function or pattern name.
Internal Server Error: /tahun_ajaran/tahun_ajaran/tambah/
Traceback (most recent call last):
  File "D:\Kuliah\Coding\Project\Sistem Informasi\env\Lib\site-packages\django\core\handlers\exception.py", line 55, in inner
    response = get_response(request)
               ^^^^^^^^^^^^^^^^^^^^^
  File "D:\Kuliah\Coding\Project\Sistem Informasi\env\Lib\site-packages\django\core\handlers\base.py", line 197, in _get_response
    response = wrapped_callback(request, *callback_args, **callback_kwargs)
               ^^^^^^^^^^^^^^^^^^^^^^^^^^^^^^^^^^^^^^^^^^^^^^^^^^^^^^^^^^^^
  File "D:\UANG\Sistem Informasi\sistem_informasi\tahun_ajaran\views.py", line 57, in tambah_tahunajaran
    return redirect('tahunajaran')
           ^^^^^^^^^^^^^^^^^^^^^^^
  File "D:\Kuliah\Coding\Project\Sistem Informasi\env\Lib\site-packages\django\shortcuts.py", line 48, in redirect
    return redirect_class(resolve_url(to, *args, **kwargs))
                          ^^^^^^^^^^^^^^^^^^^^^^^^^^^^^^^^
  File "D:\Kuliah\Coding\Project\Sistem Informasi\env\Lib\site-packages\django\shortcuts.py", line 145, in resolve_url
    return reverse(to, args=args, kwargs=kwargs)
           ^^^^^^^^^^^^^^^^^^^^^^^^^^^^^^^^^^^^^
  File "D:\Kuliah\Coding\Project\Sistem Informasi\env\Lib\site-packages\django\urls\base.py", line 88, in reverse
    return resolver._reverse_with_prefix(view, prefix, *args, **kwargs)
           ^^^^^^^^^^^^^^^^^^^^^^^^^^^^^^^^^^^^^^^^^^^^^^^^^^^^^^^^^^^^
  File "D:\Kuliah\Coding\Project\Sistem Informasi\env\Lib\site-packages\django\urls\resolvers.py", line 828, in _reverse_with_prefix
    raise NoReverseMatch(msg)
django.urls.exceptions.NoReverseMatch: Reverse for 'tahunajaran' not found. 'tahunajaran' is not a valid view function or pattern name.
Internal Server Error: /tahun_ajaran/
Traceback (most recent call last):
  File "D:\joki\djangoProject\env\lib\site-packages\django\db\backends\utils.py", line 89, in _execute
    return self.cursor.execute(sql, params)
psycopg2.errors.UndefinedTable: relation "tahun_ajaran_tahunajaranmodel" does not exist
LINE 1: ..."tahun_ajaran_tahunajaranmodel"."created_at" FROM "tahun_aja...
                                                             ^


The above exception was the direct cause of the following exception:

Traceback (most recent call last):
  File "D:\joki\djangoProject\env\lib\site-packages\django\core\handlers\exception.py", line 55, in inner
    response = get_response(request)
  File "D:\joki\djangoProject\env\lib\site-packages\django\core\handlers\base.py", line 197, in _get_response
    response = wrapped_callback(request, *callback_args, **callback_kwargs)
  File "D:\joki\djangoProject\env\lib\site-packages\django\contrib\auth\decorators.py", line 23, in _wrapper_view
    return view_func(request, *args, **kwargs)
  File "D:\joki\djangoProject\sistem_informasi\tahun_ajaran\views.py", line 16, in tahunajaran
    return render(request, 'tahunajaran.html', context)
  File "D:\joki\djangoProject\env\lib\site-packages\django\shortcuts.py", line 24, in render
    content = loader.render_to_string(template_name, context, request, using=using)
  File "D:\joki\djangoProject\env\lib\site-packages\django\template\loader.py", line 62, in render_to_string
    return template.render(context, request)
  File "D:\joki\djangoProject\env\lib\site-packages\django\template\backends\django.py", line 61, in render
    return self.template.render(context)
  File "D:\joki\djangoProject\env\lib\site-packages\django\template\base.py", line 175, in render
    return self._render(context)
  File "D:\joki\djangoProject\env\lib\site-packages\django\template\base.py", line 167, in _render
    return self.nodelist.render(context)
  File "D:\joki\djangoProject\env\lib\site-packages\django\template\base.py", line 1005, in render
    return SafeString("".join([node.render_annotated(context) for node in self]))
  File "D:\joki\djangoProject\env\lib\site-packages\django\template\base.py", line 1005, in <listcomp>
    return SafeString("".join([node.render_annotated(context) for node in self]))
  File "D:\joki\djangoProject\env\lib\site-packages\django\template\base.py", line 966, in render_annotated
    return self.render(context)
  File "D:\joki\djangoProject\env\lib\site-packages\django\template\loader_tags.py", line 157, in render
    return compiled_parent._render(context)
  File "D:\joki\djangoProject\env\lib\site-packages\django\template\base.py", line 167, in _render
    return self.nodelist.render(context)
  File "D:\joki\djangoProject\env\lib\site-packages\django\template\base.py", line 1005, in render
    return SafeString("".join([node.render_annotated(context) for node in self]))
  File "D:\joki\djangoProject\env\lib\site-packages\django\template\base.py", line 1005, in <listcomp>
    return SafeString("".join([node.render_annotated(context) for node in self]))
  File "D:\joki\djangoProject\env\lib\site-packages\django\template\base.py", line 966, in render_annotated
    return self.render(context)
  File "D:\joki\djangoProject\env\lib\site-packages\django\template\loader_tags.py", line 63, in render
    result = block.nodelist.render(context)
  File "D:\joki\djangoProject\env\lib\site-packages\django\template\base.py", line 1005, in render
    return SafeString("".join([node.render_annotated(context) for node in self]))
  File "D:\joki\djangoProject\env\lib\site-packages\django\template\base.py", line 1005, in <listcomp>
    return SafeString("".join([node.render_annotated(context) for node in self]))
  File "D:\joki\djangoProject\env\lib\site-packages\django\template\base.py", line 966, in render_annotated
    return self.render(context)
  File "D:\joki\djangoProject\env\lib\site-packages\django\template\defaulttags.py", line 194, in render
    len_values = len(values)
  File "D:\joki\djangoProject\env\lib\site-packages\django\db\models\query.py", line 380, in __len__
    self._fetch_all()
  File "D:\joki\djangoProject\env\lib\site-packages\django\db\models\query.py", line 1881, in _fetch_all
    self._result_cache = list(self._iterable_class(self))
  File "D:\joki\djangoProject\env\lib\site-packages\django\db\models\query.py", line 91, in __iter__
    results = compiler.execute_sql(
  File "D:\joki\djangoProject\env\lib\site-packages\django\db\models\sql\compiler.py", line 1562, in execute_sql
    cursor.execute(sql, params)
  File "D:\joki\djangoProject\env\lib\site-packages\django\db\backends\utils.py", line 102, in execute
    return super().execute(sql, params)
  File "D:\joki\djangoProject\env\lib\site-packages\django\db\backends\utils.py", line 67, in execute
    return self._execute_with_wrappers(
  File "D:\joki\djangoProject\env\lib\site-packages\django\db\backends\utils.py", line 80, in _execute_with_wrappers
    return executor(sql, params, many, context)
  File "D:\joki\djangoProject\env\lib\site-packages\django\db\backends\utils.py", line 89, in _execute
    return self.cursor.execute(sql, params)
  File "D:\joki\djangoProject\env\lib\site-packages\django\db\utils.py", line 91, in __exit__
    raise dj_exc_value.with_traceback(traceback) from exc_value
  File "D:\joki\djangoProject\env\lib\site-packages\django\db\backends\utils.py", line 89, in _execute
    return self.cursor.execute(sql, params)
django.db.utils.ProgrammingError: relation "tahun_ajaran_tahunajaranmodel" does not exist
LINE 1: ..."tahun_ajaran_tahunajaranmodel"."created_at" FROM "tahun_aja...
                                                             ^

Form tidak valid: <ul class="errorlist"><li>semester<ul class="errorlist"><li>This field is required.</li></ul></li><li>nim<ul class="errorlist"><li>Ensure this value is less than or equal to 2147483647.</li></ul></li></ul>
Form tidak valid: <ul class="errorlist"><li>semester<ul class="errorlist"><li>This field is required.</li></ul></li><li>nim<ul class="errorlist"><li>Ensure this value is less than or equal to 2147483647.</li></ul></li></ul>
Internal Server Error: /mahasiswa/
Traceback (most recent call last):
  File "D:\joki\djangoProject\env\lib\site-packages\django\db\backends\utils.py", line 89, in _execute
    return self.cursor.execute(sql, params)
psycopg2.errors.UndefinedColumn: column mahasiswa_mahasiswa.jurusan does not exist
LINE 1: ..._mahasiswa"."foto", "mahasiswa_mahasiswa"."nama", "mahasiswa...
                                                             ^


The above exception was the direct cause of the following exception:

Traceback (most recent call last):
  File "D:\joki\djangoProject\env\lib\site-packages\django\core\handlers\exception.py", line 55, in inner
    response = get_response(request)
  File "D:\joki\djangoProject\env\lib\site-packages\django\core\handlers\base.py", line 197, in _get_response
    response = wrapped_callback(request, *callback_args, **callback_kwargs)
  File "D:\joki\djangoProject\env\lib\site-packages\django\contrib\auth\decorators.py", line 23, in _wrapper_view
    return view_func(request, *args, **kwargs)
  File "D:\joki\djangoProject\sistem_informasi\mahasiswa\views.py", line 17, in mahasiswa
    return render(request, 'mahasiswa.html', context)
  File "D:\joki\djangoProject\env\lib\site-packages\django\shortcuts.py", line 24, in render
    content = loader.render_to_string(template_name, context, request, using=using)
  File "D:\joki\djangoProject\env\lib\site-packages\django\template\loader.py", line 62, in render_to_string
    return template.render(context, request)
  File "D:\joki\djangoProject\env\lib\site-packages\django\template\backends\django.py", line 61, in render
    return self.template.render(context)
  File "D:\joki\djangoProject\env\lib\site-packages\django\template\base.py", line 175, in render
    return self._render(context)
  File "D:\joki\djangoProject\env\lib\site-packages\django\template\base.py", line 167, in _render
    return self.nodelist.render(context)
  File "D:\joki\djangoProject\env\lib\site-packages\django\template\base.py", line 1005, in render
    return SafeString("".join([node.render_annotated(context) for node in self]))
  File "D:\joki\djangoProject\env\lib\site-packages\django\template\base.py", line 1005, in <listcomp>
    return SafeString("".join([node.render_annotated(context) for node in self]))
  File "D:\joki\djangoProject\env\lib\site-packages\django\template\base.py", line 966, in render_annotated
    return self.render(context)
  File "D:\joki\djangoProject\env\lib\site-packages\django\template\loader_tags.py", line 157, in render
    return compiled_parent._render(context)
  File "D:\joki\djangoProject\env\lib\site-packages\django\template\base.py", line 167, in _render
    return self.nodelist.render(context)
  File "D:\joki\djangoProject\env\lib\site-packages\django\template\base.py", line 1005, in render
    return SafeString("".join([node.render_annotated(context) for node in self]))
  File "D:\joki\djangoProject\env\lib\site-packages\django\template\base.py", line 1005, in <listcomp>
    return SafeString("".join([node.render_annotated(context) for node in self]))
  File "D:\joki\djangoProject\env\lib\site-packages\django\template\base.py", line 966, in render_annotated
    return self.render(context)
  File "D:\joki\djangoProject\env\lib\site-packages\django\template\loader_tags.py", line 63, in render
    result = block.nodelist.render(context)
  File "D:\joki\djangoProject\env\lib\site-packages\django\template\base.py", line 1005, in render
    return SafeString("".join([node.render_annotated(context) for node in self]))
  File "D:\joki\djangoProject\env\lib\site-packages\django\template\base.py", line 1005, in <listcomp>
    return SafeString("".join([node.render_annotated(context) for node in self]))
  File "D:\joki\djangoProject\env\lib\site-packages\django\template\base.py", line 966, in render_annotated
    return self.render(context)
  File "D:\joki\djangoProject\env\lib\site-packages\django\template\defaulttags.py", line 194, in render
    len_values = len(values)
  File "D:\joki\djangoProject\env\lib\site-packages\django\db\models\query.py", line 380, in __len__
    self._fetch_all()
  File "D:\joki\djangoProject\env\lib\site-packages\django\db\models\query.py", line 1881, in _fetch_all
    self._result_cache = list(self._iterable_class(self))
  File "D:\joki\djangoProject\env\lib\site-packages\django\db\models\query.py", line 91, in __iter__
    results = compiler.execute_sql(
  File "D:\joki\djangoProject\env\lib\site-packages\django\db\models\sql\compiler.py", line 1562, in execute_sql
    cursor.execute(sql, params)
  File "D:\joki\djangoProject\env\lib\site-packages\django\db\backends\utils.py", line 102, in execute
    return super().execute(sql, params)
  File "D:\joki\djangoProject\env\lib\site-packages\django\db\backends\utils.py", line 67, in execute
    return self._execute_with_wrappers(
  File "D:\joki\djangoProject\env\lib\site-packages\django\db\backends\utils.py", line 80, in _execute_with_wrappers
    return executor(sql, params, many, context)
  File "D:\joki\djangoProject\env\lib\site-packages\django\db\backends\utils.py", line 89, in _execute
    return self.cursor.execute(sql, params)
  File "D:\joki\djangoProject\env\lib\site-packages\django\db\utils.py", line 91, in __exit__
    raise dj_exc_value.with_traceback(traceback) from exc_value
  File "D:\joki\djangoProject\env\lib\site-packages\django\db\backends\utils.py", line 89, in _execute
    return self.cursor.execute(sql, params)
django.db.utils.ProgrammingError: column mahasiswa_mahasiswa.jurusan does not exist
LINE 1: ..._mahasiswa"."foto", "mahasiswa_mahasiswa"."nama", "mahasiswa...
                                                             ^

Internal Server Error: /mahasiswa/mahasiswa/1111111111/detail/
Traceback (most recent call last):
  File "D:\joki\djangoProject\env\lib\site-packages\django\core\handlers\exception.py", line 55, in inner
    response = get_response(request)
  File "D:\joki\djangoProject\env\lib\site-packages\django\core\handlers\base.py", line 197, in _get_response
    response = wrapped_callback(request, *callback_args, **callback_kwargs)
  File "D:\joki\djangoProject\sistem_informasi\mahasiswa\views.py", line 79, in detail_mahasiswa
    return render(request, 'mahasiswa_detail.html', context)
  File "D:\joki\djangoProject\env\lib\site-packages\django\shortcuts.py", line 24, in render
    content = loader.render_to_string(template_name, context, request, using=using)
  File "D:\joki\djangoProject\env\lib\site-packages\django\template\loader.py", line 61, in render_to_string
    template = get_template(template_name, using=using)
  File "D:\joki\djangoProject\env\lib\site-packages\django\template\loader.py", line 19, in get_template
    raise TemplateDoesNotExist(template_name, chain=chain)
django.template.exceptions.TemplateDoesNotExist: mahasiswa_detail.html
Form tidak valid: <ul class="errorlist"><li>nim<ul class="errorlist"><li>Ensure this value is less than or equal to 2147483647.</li></ul></li></ul>
Form tidak valid: <ul class="errorlist"><li>nim<ul class="errorlist"><li>Ensure this value is less than or equal to 2147483647.</li></ul></li></ul>
Internal Server Error: /mahasiswa/mahasiswa/1111111111/detail/
Traceback (most recent call last):
  File "D:\joki\djangoProject\env\lib\site-packages\django\core\handlers\exception.py", line 55, in inner
    response = get_response(request)
  File "D:\joki\djangoProject\env\lib\site-packages\django\core\handlers\base.py", line 197, in _get_response
    response = wrapped_callback(request, *callback_args, **callback_kwargs)
  File "D:\joki\djangoProject\sistem_informasi\mahasiswa\views.py", line 80, in detail_mahasiswa
    return render(request, 'detail_mahasiswa.html', context)
  File "D:\joki\djangoProject\env\lib\site-packages\django\shortcuts.py", line 24, in render
    content = loader.render_to_string(template_name, context, request, using=using)
  File "D:\joki\djangoProject\env\lib\site-packages\django\template\loader.py", line 62, in render_to_string
    return template.render(context, request)
  File "D:\joki\djangoProject\env\lib\site-packages\django\template\backends\django.py", line 61, in render
    return self.template.render(context)
  File "D:\joki\djangoProject\env\lib\site-packages\django\template\base.py", line 175, in render
    return self._render(context)
  File "D:\joki\djangoProject\env\lib\site-packages\django\template\base.py", line 167, in _render
    return self.nodelist.render(context)
  File "D:\joki\djangoProject\env\lib\site-packages\django\template\base.py", line 1005, in render
    return SafeString("".join([node.render_annotated(context) for node in self]))
  File "D:\joki\djangoProject\env\lib\site-packages\django\template\base.py", line 1005, in <listcomp>
    return SafeString("".join([node.render_annotated(context) for node in self]))
  File "D:\joki\djangoProject\env\lib\site-packages\django\template\base.py", line 966, in render_annotated
    return self.render(context)
  File "D:\joki\djangoProject\env\lib\site-packages\django\template\loader_tags.py", line 157, in render
    return compiled_parent._render(context)
  File "D:\joki\djangoProject\env\lib\site-packages\django\template\base.py", line 167, in _render
    return self.nodelist.render(context)
  File "D:\joki\djangoProject\env\lib\site-packages\django\template\base.py", line 1005, in render
    return SafeString("".join([node.render_annotated(context) for node in self]))
  File "D:\joki\djangoProject\env\lib\site-packages\django\template\base.py", line 1005, in <listcomp>
    return SafeString("".join([node.render_annotated(context) for node in self]))
  File "D:\joki\djangoProject\env\lib\site-packages\django\template\base.py", line 966, in render_annotated
    return self.render(context)
  File "D:\joki\djangoProject\env\lib\site-packages\django\template\loader_tags.py", line 63, in render
    result = block.nodelist.render(context)
  File "D:\joki\djangoProject\env\lib\site-packages\django\template\base.py", line 1005, in render
    return SafeString("".join([node.render_annotated(context) for node in self]))
  File "D:\joki\djangoProject\env\lib\site-packages\django\template\base.py", line 1005, in <listcomp>
    return SafeString("".join([node.render_annotated(context) for node in self]))
  File "D:\joki\djangoProject\env\lib\site-packages\django\template\base.py", line 966, in render_annotated
    return self.render(context)
  File "D:\joki\djangoProject\env\lib\site-packages\django\template\defaulttags.py", line 471, in render
    url = reverse(view_name, args=args, kwargs=kwargs, current_app=current_app)
  File "D:\joki\djangoProject\env\lib\site-packages\django\urls\base.py", line 88, in reverse
    return resolver._reverse_with_prefix(view, prefix, *args, **kwargs)
  File "D:\joki\djangoProject\env\lib\site-packages\django\urls\resolvers.py", line 828, in _reverse_with_prefix
    raise NoReverseMatch(msg)
django.urls.exceptions.NoReverseMatch: Reverse for 'mahasiswa-list' not found. 'mahasiswa-list' is not a valid view function or pattern name.
Internal Server Error: /mahasiswa/mahasiswa/1111111111/detail/
Traceback (most recent call last):
  File "D:\joki\djangoProject\env\lib\site-packages\django\core\handlers\exception.py", line 55, in inner
    response = get_response(request)
  File "D:\joki\djangoProject\env\lib\site-packages\django\core\handlers\base.py", line 197, in _get_response
    response = wrapped_callback(request, *callback_args, **callback_kwargs)
  File "D:\joki\djangoProject\sistem_informasi\mahasiswa\views.py", line 80, in detail_mahasiswa
    return render(request, 'detail_mahasiswa.html', context)
  File "D:\joki\djangoProject\env\lib\site-packages\django\shortcuts.py", line 24, in render
    content = loader.render_to_string(template_name, context, request, using=using)
  File "D:\joki\djangoProject\env\lib\site-packages\django\template\loader.py", line 62, in render_to_string
    return template.render(context, request)
  File "D:\joki\djangoProject\env\lib\site-packages\django\template\backends\django.py", line 61, in render
    return self.template.render(context)
  File "D:\joki\djangoProject\env\lib\site-packages\django\template\base.py", line 175, in render
    return self._render(context)
  File "D:\joki\djangoProject\env\lib\site-packages\django\template\base.py", line 167, in _render
    return self.nodelist.render(context)
  File "D:\joki\djangoProject\env\lib\site-packages\django\template\base.py", line 1005, in render
    return SafeString("".join([node.render_annotated(context) for node in self]))
  File "D:\joki\djangoProject\env\lib\site-packages\django\template\base.py", line 1005, in <listcomp>
    return SafeString("".join([node.render_annotated(context) for node in self]))
  File "D:\joki\djangoProject\env\lib\site-packages\django\template\base.py", line 966, in render_annotated
    return self.render(context)
  File "D:\joki\djangoProject\env\lib\site-packages\django\template\loader_tags.py", line 157, in render
    return compiled_parent._render(context)
  File "D:\joki\djangoProject\env\lib\site-packages\django\template\base.py", line 167, in _render
    return self.nodelist.render(context)
  File "D:\joki\djangoProject\env\lib\site-packages\django\template\base.py", line 1005, in render
    return SafeString("".join([node.render_annotated(context) for node in self]))
  File "D:\joki\djangoProject\env\lib\site-packages\django\template\base.py", line 1005, in <listcomp>
    return SafeString("".join([node.render_annotated(context) for node in self]))
  File "D:\joki\djangoProject\env\lib\site-packages\django\template\base.py", line 966, in render_annotated
    return self.render(context)
  File "D:\joki\djangoProject\env\lib\site-packages\django\template\loader_tags.py", line 63, in render
    result = block.nodelist.render(context)
  File "D:\joki\djangoProject\env\lib\site-packages\django\template\base.py", line 1005, in render
    return SafeString("".join([node.render_annotated(context) for node in self]))
  File "D:\joki\djangoProject\env\lib\site-packages\django\template\base.py", line 1005, in <listcomp>
    return SafeString("".join([node.render_annotated(context) for node in self]))
  File "D:\joki\djangoProject\env\lib\site-packages\django\template\base.py", line 966, in render_annotated
    return self.render(context)
  File "D:\joki\djangoProject\env\lib\site-packages\django\template\defaulttags.py", line 471, in render
    url = reverse(view_name, args=args, kwargs=kwargs, current_app=current_app)
  File "D:\joki\djangoProject\env\lib\site-packages\django\urls\base.py", line 88, in reverse
    return resolver._reverse_with_prefix(view, prefix, *args, **kwargs)
  File "D:\joki\djangoProject\env\lib\site-packages\django\urls\resolvers.py", line 828, in _reverse_with_prefix
    raise NoReverseMatch(msg)
django.urls.exceptions.NoReverseMatch: Reverse for 'mahasiswa-list' not found. 'mahasiswa-list' is not a valid view function or pattern name.
Form tidak valid: <ul class="errorlist"><li>nim<ul class="errorlist"><li>Ensure this value is less than or equal to 2147483647.</li></ul></li></ul>
Form tidak valid: <ul class="errorlist"><li>jurusan<ul class="errorlist"><li>This field is required.</li></ul></li><li>nim<ul class="errorlist"><li>Ensure this value is less than or equal to 2147483647.</li></ul></li></ul>
Form tidak valid: <ul class="errorlist"><li>syarat_cuti<ul class="errorlist"><li>File extension �jpeg� is not allowed. Allowed extensions are: pdf.</li></ul></li></ul>
Form tidak valid: <ul class="errorlist"><li>syarat_cuti<ul class="errorlist"><li>File extension �txt� is not allowed. Allowed extensions are: pdf.</li></ul></li></ul>
Internal Server Error: /mahasiswa/mahasiswa/1111111111/detail/
Traceback (most recent call last):
  File "D:\joki\djangoProject\env\lib\site-packages\django\core\handlers\exception.py", line 55, in inner
    response = get_response(request)
  File "D:\joki\djangoProject\env\lib\site-packages\django\core\handlers\base.py", line 197, in _get_response
    response = wrapped_callback(request, *callback_args, **callback_kwargs)
  File "D:\joki\djangoProject\sistem_informasi\mahasiswa\views.py", line 79, in detail_mahasiswa
    return render(request, 'mahasiswa_detail.html', context)
  File "D:\joki\djangoProject\env\lib\site-packages\django\shortcuts.py", line 24, in render
    content = loader.render_to_string(template_name, context, request, using=using)
  File "D:\joki\djangoProject\env\lib\site-packages\django\template\loader.py", line 61, in render_to_string
    template = get_template(template_name, using=using)
  File "D:\joki\djangoProject\env\lib\site-packages\django\template\loader.py", line 19, in get_template
    raise TemplateDoesNotExist(template_name, chain=chain)
django.template.exceptions.TemplateDoesNotExist: mahasiswa_detail.html
Form tidak valid: <ul class="errorlist"><li>jurusan<ul class="errorlist"><li>This field is required.</li></ul></li><li>nim<ul class="errorlist"><li>Ensure this value is less than or equal to 2147483647.</li></ul></li></ul>
Form tidak valid: <ul class="errorlist"><li>jurusan<ul class="errorlist"><li>This field is required.</li></ul></li><li>nim<ul class="errorlist"><li>Ensure this value is less than or equal to 2147483647.</li></ul></li></ul>
Form tidak valid: <ul class="errorlist"><li>jurusan<ul class="errorlist"><li>This field is required.</li></ul></li><li>nim<ul class="errorlist"><li>Ensure this value is less than or equal to 2147483647.</li></ul></li></ul>
Form tidak valid: <ul class="errorlist"><li>jurusan<ul class="errorlist"><li>This field is required.</li></ul></li><li>nim<ul class="errorlist"><li>Ensure this value is less than or equal to 2147483647.</li></ul></li></ul>
Form tidak valid: <ul class="errorlist"><li>nim<ul class="errorlist"><li>Ensure this value is less than or equal to 2147483647.</li></ul></li></ul>
Internal Server Error: /mahasiswa/mahasiswa/tambah/
Traceback (most recent call last):
  File "D:\joki\djangoProject\env\lib\site-packages\django\db\backends\utils.py", line 89, in _execute
    return self.cursor.execute(sql, params)
psycopg2.errors.NotNullViolation: null value in column "jurusan" of relation "mahasiswa_mahasiswa" violates not-null constraint
DETAIL:  Failing row contains (987654321, uploads/profile/profile1_kLmy9KL.jpg, joko, L, banda aceh, 2023-08-22, Indonesia, affanianamara@gmail.com, jokowe, Aktif, 2019, 8, Islam, ga ada hehe, null).


The above exception was the direct cause of the following exception:

Traceback (most recent call last):
  File "D:\joki\djangoProject\env\lib\site-packages\django\core\handlers\exception.py", line 55, in inner
    response = get_response(request)
  File "D:\joki\djangoProject\env\lib\site-packages\django\core\handlers\base.py", line 197, in _get_response
    response = wrapped_callback(request, *callback_args, **callback_kwargs)
  File "D:\joki\djangoProject\sistem_informasi\mahasiswa\views.py", line 58, in tambah_mahasiswa
    form.save()
  File "D:\joki\djangoProject\env\lib\site-packages\django\forms\models.py", line 542, in save
    self.instance.save()
  File "D:\joki\djangoProject\env\lib\site-packages\django\db\models\base.py", line 814, in save
    self.save_base(
  File "D:\joki\djangoProject\env\lib\site-packages\django\db\models\base.py", line 877, in save_base
    updated = self._save_table(
  File "D:\joki\djangoProject\env\lib\site-packages\django\db\models\base.py", line 1020, in _save_table
    results = self._do_insert(
  File "D:\joki\djangoProject\env\lib\site-packages\django\db\models\base.py", line 1061, in _do_insert
    return manager._insert(
  File "D:\joki\djangoProject\env\lib\site-packages\django\db\models\manager.py", line 87, in manager_method
    return getattr(self.get_queryset(), name)(*args, **kwargs)
  File "D:\joki\djangoProject\env\lib\site-packages\django\db\models\query.py", line 1805, in _insert
    return query.get_compiler(using=using).execute_sql(returning_fields)
  File "D:\joki\djangoProject\env\lib\site-packages\django\db\models\sql\compiler.py", line 1822, in execute_sql
    cursor.execute(sql, params)
  File "D:\joki\djangoProject\env\lib\site-packages\django\db\backends\utils.py", line 102, in execute
    return super().execute(sql, params)
  File "D:\joki\djangoProject\env\lib\site-packages\django\db\backends\utils.py", line 67, in execute
    return self._execute_with_wrappers(
  File "D:\joki\djangoProject\env\lib\site-packages\django\db\backends\utils.py", line 80, in _execute_with_wrappers
    return executor(sql, params, many, context)
  File "D:\joki\djangoProject\env\lib\site-packages\django\db\backends\utils.py", line 89, in _execute
    return self.cursor.execute(sql, params)
  File "D:\joki\djangoProject\env\lib\site-packages\django\db\utils.py", line 91, in __exit__
    raise dj_exc_value.with_traceback(traceback) from exc_value
  File "D:\joki\djangoProject\env\lib\site-packages\django\db\backends\utils.py", line 89, in _execute
    return self.cursor.execute(sql, params)
django.db.utils.IntegrityError: null value in column "jurusan" of relation "mahasiswa_mahasiswa" violates not-null constraint
DETAIL:  Failing row contains (987654321, uploads/profile/profile1_kLmy9KL.jpg, joko, L, banda aceh, 2023-08-22, Indonesia, affanianamara@gmail.com, jokowe, Aktif, 2019, 8, Islam, ga ada hehe, null).

Internal Server Error: /user_manage/
Traceback (most recent call last):
  File "D:\joki\djangoProject\env\lib\site-packages\django\core\handlers\exception.py", line 55, in inner
    response = get_response(request)
  File "D:\joki\djangoProject\env\lib\site-packages\django\core\handlers\base.py", line 197, in _get_response
    response = wrapped_callback(request, *callback_args, **callback_kwargs)
  File "D:\joki\djangoProject\sistem_informasi\user_manage\views.py", line 16, in user_list
    return render(request, 'user_list.html', context)
  File "D:\joki\djangoProject\env\lib\site-packages\django\shortcuts.py", line 24, in render
    content = loader.render_to_string(template_name, context, request, using=using)
  File "D:\joki\djangoProject\env\lib\site-packages\django\template\loader.py", line 62, in render_to_string
    return template.render(context, request)
  File "D:\joki\djangoProject\env\lib\site-packages\django\template\backends\django.py", line 61, in render
    return self.template.render(context)
  File "D:\joki\djangoProject\env\lib\site-packages\django\template\base.py", line 175, in render
    return self._render(context)
  File "D:\joki\djangoProject\env\lib\site-packages\django\template\base.py", line 167, in _render
    return self.nodelist.render(context)
  File "D:\joki\djangoProject\env\lib\site-packages\django\template\base.py", line 1005, in render
    return SafeString("".join([node.render_annotated(context) for node in self]))
  File "D:\joki\djangoProject\env\lib\site-packages\django\template\base.py", line 1005, in <listcomp>
    return SafeString("".join([node.render_annotated(context) for node in self]))
  File "D:\joki\djangoProject\env\lib\site-packages\django\template\base.py", line 966, in render_annotated
    return self.render(context)
  File "D:\joki\djangoProject\env\lib\site-packages\django\template\loader_tags.py", line 157, in render
    return compiled_parent._render(context)
  File "D:\joki\djangoProject\env\lib\site-packages\django\template\base.py", line 167, in _render
    return self.nodelist.render(context)
  File "D:\joki\djangoProject\env\lib\site-packages\django\template\base.py", line 1005, in render
    return SafeString("".join([node.render_annotated(context) for node in self]))
  File "D:\joki\djangoProject\env\lib\site-packages\django\template\base.py", line 1005, in <listcomp>
    return SafeString("".join([node.render_annotated(context) for node in self]))
  File "D:\joki\djangoProject\env\lib\site-packages\django\template\base.py", line 966, in render_annotated
    return self.render(context)
  File "D:\joki\djangoProject\env\lib\site-packages\django\template\loader_tags.py", line 63, in render
    result = block.nodelist.render(context)
  File "D:\joki\djangoProject\env\lib\site-packages\django\template\base.py", line 1005, in render
    return SafeString("".join([node.render_annotated(context) for node in self]))
  File "D:\joki\djangoProject\env\lib\site-packages\django\template\base.py", line 1005, in <listcomp>
    return SafeString("".join([node.render_annotated(context) for node in self]))
  File "D:\joki\djangoProject\env\lib\site-packages\django\template\base.py", line 966, in render_annotated
    return self.render(context)
  File "D:\joki\djangoProject\env\lib\site-packages\django\template\defaulttags.py", line 471, in render
    url = reverse(view_name, args=args, kwargs=kwargs, current_app=current_app)
  File "D:\joki\djangoProject\env\lib\site-packages\django\urls\base.py", line 88, in reverse
    return resolver._reverse_with_prefix(view, prefix, *args, **kwargs)
  File "D:\joki\djangoProject\env\lib\site-packages\django\urls\resolvers.py", line 828, in _reverse_with_prefix
    raise NoReverseMatch(msg)
django.urls.exceptions.NoReverseMatch: Reverse for 'hapus_user' not found. 'hapus_user' is not a valid view function or pattern name.
